Using the default profile...
Feature: Add and Edit categories
  As a blog administrator
  So that I can help customers to better organize their work
  I want to be able to add and edit categories

  Background:                            # features/add_edit_categories.feature:6
    Given the blog is set up             # features/step_definitions/web_steps.rb:34
    And I am logged into the admin panel # features/step_definitions/web_steps.rb:46

  Scenario: Successful navigation         # features/add_edit_categories.feature:10
    Given I am on the admin page          # features/step_definitions/web_steps.rb:68
    When I follow "Categories"            # features/step_definitions/web_steps.rb:80
    Then I should be on the category page # features/step_definitions/web_steps.rb:254

  Scenario: Successful adding/editing categories       # features/add_edit_categories.feature:15
    Given I am on the category page                    # features/step_definitions/web_steps.rb:68
    When I fill in "Name" with "Thriller"              # features/step_definitions/web_steps.rb:84
    And I fill in "Keywords" with ""                   # features/step_definitions/web_steps.rb:84
    And I fill in "Permalink" with "thriller"          # features/step_definitions/web_steps.rb:84
    And I fill in "Description" with ""                # features/step_definitions/web_steps.rb:84
    And I press "Save"                                 # features/step_definitions/web_steps.rb:76
    Then I should be on the category page              # features/step_definitions/web_steps.rb:254
    And I should see "Category was successfully saved" # features/step_definitions/web_steps.rb:129
    And I should see "Thriller"                        # features/step_definitions/web_steps.rb:129

Feature: Create Blog
  As an author
  In order to gift my thoughts to the world
  I want to create a blog

  Scenario: Create blog page shown      # features/create_blog.feature:6
    Given I am on the home page         # features/step_definitions/web_steps.rb:68
    Then I should see "Welcome"         # features/step_definitions/web_steps.rb:129
    And I should see "My Shiny Weblog!" # features/step_definitions/web_steps.rb:129

  Scenario: Create blog page not shown when blog created # features/create_blog.feature:11
    Given the blog is set up                             # features/step_definitions/web_steps.rb:34
    When I am on the home page                           # features/step_definitions/web_steps.rb:68
    Then I should not see "My Shiny Weblog!"             # features/step_definitions/web_steps.rb:147
    And I should see "Teh Blag"                          # features/step_definitions/web_steps.rb:129

Feature: Write Articles
  As a blog administrator
  In order to share my thoughts with the world
  I want to be able to add articles to my blog

  Background:                            # features/write_article.feature:6
    Given the blog is set up             # features/step_definitions/web_steps.rb:34
    And I am logged into the admin panel # features/step_definitions/web_steps.rb:46

  Scenario: Successfully write articles                                  # features/write_article.feature:10
    Given I am on the new article page                                   # features/step_definitions/web_steps.rb:68
    When I fill in "article_title" with "Foobar"                         # features/step_definitions/web_steps.rb:84
    And I fill in "article__body_and_extended_editor" with "Lorem Ipsum" # features/step_definitions/web_steps.rb:84
    And I press "Publish"                                                # features/step_definitions/web_steps.rb:76
    Then I should be on the admin content page                           # features/step_definitions/web_steps.rb:254
    When I go to the home page                                           # features/step_definitions/web_steps.rb:72
    Then I should see "Foobar"                                           # features/step_definitions/web_steps.rb:129
    When I follow "Foobar"                                               # features/step_definitions/web_steps.rb:80
    Then I should see "Lorem Ipsum"                                      # features/step_definitions/web_steps.rb:129

5 scenarios (5 passed)
34 steps (34 passed)
0m3.905s
Coverage report generated for Cucumber Features, RSpec to /home/ec2-user/environment/typo/coverage. 13440 / 15013 LOC (89.52%) covered.
